<?xml version="1.0" encoding="UTF-8"?>
<testsuite xmlns:xsi="http://www.w3.org/2001/XMLSchema-instance" xsi:noNamespaceSchemaLocation="https://maven.apache.org/surefire/maven-surefire-plugin/xsd/surefire-test-report.xsd" name="com.example.SampleTest" time="6.894" tests="1" errors="1" skipped="0" failures="0">
  <properties>
[...]
</properties>
  <testcase name="sampleTest" classname="com.example.SampleTest" time="6.857">
    <error message="An unknown server-side error occurred while processing the command. Original error: &apos;POST /element&apos; cannot be proxied to UiAutomator2 server because the instrumentation process is not running (probably crashed). Check the server log and/or the logcat output for more details&#10;Build info: version: &apos;4.23.1&apos;, revision: &apos;656257d8e9&apos;&#10;System info: os.name: &apos;Windows 10&apos;, os.arch: &apos;amd64&apos;, os.version: &apos;10.0&apos;, java.version: &apos;21.0.4&apos;&#10;Driver info: io.appium.java_client.android.AndroidDriver&#10;Command: [f4893778-9aaa-48c0-9cdf-77d8083db1c6, findElement {using=accessibility id, value=Access&apos;ibility}]&#10;Capabilities {appium:connectHardwareKeyboard: true, appium:databaseEnabled: false, appium:desired: {connectHardwareKeyboard: true, newCommandTimeout: 3600, platformName: ANDROID}, appium:deviceApiLevel: 31, appium:deviceManufacturer: Google, appium:deviceModel: sdk_gphone64_x86_64, appium:deviceName: emulator-5554, appium:deviceScreenDensity: 440, appium:deviceScreenSize: 1080x2220, appium:deviceUDID: emulator-5554, appium:javascriptEnabled: true, appium:locationContextEnabled: false, appium:networkConnectionEnabled: true, appium:newCommandTimeout: 3600, appium:pixelRatio: 2.75, appium:platformVersion: 12, appium:statBarHeight: 66, appium:takesScreenshot: true, appium:viewportRect: {height: 2022, left: 0, top: 66, width: 1080}, appium:warnings: {}, appium:webStorageEnabled: false, platformName: ANDROID}&#10;Session ID: f4893778-9aaa-48c0-9cdf-77d8083db1c6" type="org.openqa.selenium.WebDriverException">org.openqa.selenium.WebDriverException: 
An unknown server-side error occurred while processing the command. Original error: 'POST /element' cannot be proxied to UiAutomator2 server because the instrumentation process is not running (probably crashed). Check the server log and/or the logcat output for more details
Build info: version: '4.23.1', revision: '656257d8e9'
System info: os.name: 'Windows 10', os.arch: 'amd64', os.version: '10.0', java.version: '21.0.4'
Driver info: io.appium.java_client.android.AndroidDriver
Command: [f4893778-9aaa-48c0-9cdf-77d8083db1c6, findElement {using=accessibility id, value=Access'ibility}]
Capabilities {appium:connectHardwareKeyboard: true, appium:databaseEnabled: false, appium:desired: {connectHardwareKeyboard: true, newCommandTimeout: 3600, platformName: ANDROID}, appium:deviceApiLevel: 31, appium:deviceManufacturer: Google, appium:deviceModel: sdk_gphone64_x86_64, appium:deviceName: emulator-5554, appium:deviceScreenDensity: 440, appium:deviceScreenSize: 1080x2220, appium:deviceUDID: emulator-5554, appium:javascriptEnabled: true, appium:locationContextEnabled: false, appium:networkConnectionEnabled: true, appium:newCommandTimeout: 3600, appium:pixelRatio: 2.75, appium:platformVersion: 12, appium:statBarHeight: 66, appium:takesScreenshot: true, appium:viewportRect: {height: 2022, left: 0, top: 66, width: 1080}, appium:warnings: {}, appium:webStorageEnabled: false, platformName: ANDROID}
Session ID: f4893778-9aaa-48c0-9cdf-77d8083db1c6
	at com.example.SampleTest.clickElementByAccessibilityId(SampleTest.java:58)
	at com.example.SampleTest.sampleTest(SampleTest.java:53)
</error>
  </testcase>
</testsuite>